
> langplug-frontend@1.0.0 build
> tsc && vite build

[36mvite v4.5.14 [32mbuilding for production...[36m[39m
transforming...
[32m✓[39m 877 modules transformed.
rendering chunks...
computing gzip size...
[2mdist/[22m[32mindex.html                              [39m[1m[2m  0.76 kB[22m[1m[22m[2m │ gzip:   0.47 kB[22m
[2mdist/[22m[2massets/[22m[36mPlayIcon-929bee33.js             [39m[1m[2m  0.60 kB[22m[1m[22m[2m │ gzip:   0.44 kB[22m[2m │ map:     1.53 kB[22m
[2mdist/[22m[2massets/[22m[36mArrowLeftIcon-bff49e6e.js        [39m[1m[2m  0.63 kB[22m[1m[22m[2m │ gzip:   0.42 kB[22m[2m │ map:     1.58 kB[22m
[2mdist/[22m[2massets/[22m[36mClockIcon-5e94f678.js            [39m[1m[2m  1.25 kB[22m[1m[22m[2m │ gzip:   0.55 kB[22m[2m │ map:     3.02 kB[22m
[2mdist/[22m[2massets/[22m[36mMixcloud-592175f1.js             [39m[1m[2m  2.74 kB[22m[1m[22m[2m │ gzip:   1.34 kB[22m[2m │ map:     8.04 kB[22m
[2mdist/[22m[2massets/[22m[36mKaltura-5a1a8204.js              [39m[1m[2m  2.88 kB[22m[1m[22m[2m │ gzip:   1.38 kB[22m[2m │ map:     8.39 kB[22m
[2mdist/[22m[2massets/[22m[36mVidyard-dc04415c.js              [39m[1m[2m  2.95 kB[22m[1m[22m[2m │ gzip:   1.40 kB[22m[2m │ map:     8.71 kB[22m
[2mdist/[22m[2massets/[22m[36mLoginForm-4077bd25.js            [39m[1m[2m  3.00 kB[22m[1m[22m[2m │ gzip:   1.28 kB[22m[2m │ map:     7.44 kB[22m
[2mdist/[22m[2massets/[22m[36mSoundCloud-e9e21517.js           [39m[1m[2m  3.02 kB[22m[1m[22m[2m │ gzip:   1.42 kB[22m[2m │ map:     8.92 kB[22m
[2mdist/[22m[2massets/[22m[36mStreamable-969b596b.js           [39m[1m[2m  3.03 kB[22m[1m[22m[2m │ gzip:   1.40 kB[22m[2m │ map:     8.62 kB[22m
[2mdist/[22m[2massets/[22m[36mPreview-bbeced09.js              [39m[1m[2m  3.06 kB[22m[1m[22m[2m │ gzip:   1.48 kB[22m[2m │ map:     8.94 kB[22m
[2mdist/[22m[2massets/[22m[36mDailyMotion-a9230eca.js          [39m[1m[2m  3.06 kB[22m[1m[22m[2m │ gzip:   1.45 kB[22m[2m │ map:     9.06 kB[22m
[2mdist/[22m[2massets/[22m[36mTwitch-9cbfe5be.js               [39m[1m[2m  3.17 kB[22m[1m[22m[2m │ gzip:   1.49 kB[22m[2m │ map:     9.26 kB[22m
[2mdist/[22m[2massets/[22m[36mFacebook-80aafcbe.js             [39m[1m[2m  3.31 kB[22m[1m[22m[2m │ gzip:   1.50 kB[22m[2m │ map:     9.30 kB[22m
[2mdist/[22m[2massets/[22m[36mWistia-54124888.js               [39m[1m[2m  3.61 kB[22m[1m[22m[2m │ gzip:   1.59 kB[22m[2m │ map:    10.34 kB[22m
[2mdist/[22m[2massets/[22m[36mVimeo-9e8a3054.js                [39m[1m[2m  3.72 kB[22m[1m[22m[2m │ gzip:   1.57 kB[22m[2m │ map:    10.64 kB[22m
[2mdist/[22m[2massets/[22m[36mLandingPage-12029dd2.js          [39m[1m[2m  3.94 kB[22m[1m[22m[2m │ gzip:   1.53 kB[22m[2m │ map:     8.30 kB[22m
[2mdist/[22m[2massets/[22m[36mYouTube-911e0b6c.js              [39m[1m[2m  4.54 kB[22m[1m[22m[2m │ gzip:   2.11 kB[22m[2m │ map:    13.90 kB[22m
[2mdist/[22m[2massets/[22m[36mMux-1fa9835b.js                  [39m[1m[2m  5.45 kB[22m[1m[22m[2m │ gzip:   1.99 kB[22m[2m │ map:    14.61 kB[22m
[2mdist/[22m[2massets/[22m[36mEpisodeSelection-a70747b1.js     [39m[1m[2m  5.87 kB[22m[1m[22m[2m │ gzip:   2.20 kB[22m[2m │ map:    21.54 kB[22m
[2mdist/[22m[2massets/[22m[36mVideoSelection-f8662d8f.js       [39m[1m[2m  6.59 kB[22m[1m[22m[2m │ gzip:   2.54 kB[22m[2m │ map:    16.81 kB[22m
[2mdist/[22m[2massets/[22m[36mFilePlayer-2ef08a28.js           [39m[1m[2m  9.14 kB[22m[1m[22m[2m │ gzip:   3.14 kB[22m[2m │ map:    24.83 kB[22m
[2mdist/[22m[2massets/[22m[36mProfileScreen-8c0c2b5a.js        [39m[1m[2m 15.50 kB[22m[1m[22m[2m │ gzip:   4.70 kB[22m[2m │ map:    38.30 kB[22m
[2mdist/[22m[2massets/[22m[36mVocabularyLibrary-fef1a47e.js    [39m[1m[2m 33.23 kB[22m[1m[22m[2m │ gzip:  10.36 kB[22m[2m │ map:   100.28 kB[22m
[2mdist/[22m[2massets/[22m[36mChunkedLearningPage-8c3dda5a.js  [39m[1m[2m 79.38 kB[22m[1m[22m[2m │ gzip:  24.95 kB[22m[2m │ map:   257.52 kB[22m
[2mdist/[22m[2massets/[22m[36mRegisterForm-39a2eaec.js         [39m[1m[2m127.49 kB[22m[1m[22m[2m │ gzip:  29.17 kB[22m[2m │ map:   368.16 kB[22m
[2mdist/[22m[2massets/[22m[36mindex-cabec698.js                [39m[1m[2m419.54 kB[22m[1m[22m[2m │ gzip: 141.75 kB[22m[2m │ map: 1,888.92 kB[22m
[32m✓ built in 4.37s[39m
